<?xml version="1.0" encoding="UTF-8"?>
<!-- Generated by org.testng.reporters.JUnitReportReporter -->
<testsuite hostname="Praveen" failures="0" tests="1" name="TestRunner.TestRunner" time="10.573" errors="0" timestamp="2025-04-17T23:55:39 IST" skipped="0">
  <testcase classname="TestRunner.TestRunner" name="runScenario" time="10.573"/>
</testsuite> <!-- TestRunner.TestRunner -->
