<?xml version="1.0" encoding="UTF-8"?>
<!-- Generated by org.testng.reporters.JUnitReportReporter -->
<testsuite hostname="Praveen" failures="0" tests="1" name="TestRunner.TestRunner" time="2.589" errors="0" timestamp="2025-04-17T15:40:17 IST" skipped="0">
  <testcase classname="TestRunner.TestRunner" name="runScenario" time="2.589"/>
</testsuite> <!-- TestRunner.TestRunner -->
