<?xml version="1.0" encoding="UTF-8"?>
<!-- Generated by org.testng.reporters.JUnitReportReporter -->
<testsuite hostname="Praveen" failures="0" tests="1" name="standAlone.standAloneTest" time="8.115" errors="0" timestamp="2025-04-17T14:56:29 IST" skipped="0">
  <testcase classname="standAlone.standAloneTest" name="TestCase" time="8.115"/>
</testsuite> <!-- standAlone.standAloneTest -->
